<?xml version="1.0" encoding="UTF-8"?>
<!-- Generated by org.testng.reporters.JUnitXMLReporter -->
<testsuite ignored="0" hostname="devit-ThinkPad-E15-Gen-2" failures="0" tests="4" name="Default test" time="0.53" errors="0" timestamp="2022-04-25T15:57:04 IDT">
  <testcase classname="rough.BaseTest" name="@AfterMethod tearDown" time="0.065">
    <failure type="java.lang.NullPointerException">
      <![CDATA[java.lang.NullPointerException
at rough.BaseTest.loginfo(BaseTest.java:103)
at rough.BaseTest.tearDown(BaseTest.java:216)
at java.base/jdk.internal.reflect.NativeMethodAccessorImpl.invoke0(Native Method)
at java.base/jdk.internal.reflect.NativeMethodAccessorImpl.invoke(NativeMethodAccessorImpl.java:62)
at java.base/jdk.internal.reflect.DelegatingMethodAccessorImpl.invoke(DelegatingMethodAccessorImpl.java:43)
at java.base/java.lang.reflect.Method.invoke(Method.java:566)
at org.testng.internal.MethodInvocationHelper.invokeMethod(MethodInvocationHelper.java:133)
at org.testng.internal.MethodInvocationHelper.invokeMethodConsideringTimeout(MethodInvocationHelper.java:62)
at org.testng.internal.ConfigInvoker.invokeConfigurationMethod(ConfigInvoker.java:385)
at org.testng.internal.ConfigInvoker.invokeConfigurations(ConfigInvoker.java:321)
at org.testng.internal.TestInvoker.runConfigMethods(TestInvoker.java:700)
at org.testng.internal.TestInvoker.runAfterGroupsConfigurations(TestInvoker.java:676)
at org.testng.internal.TestInvoker.invokeMethod(TestInvoker.java:660)
at org.testng.internal.TestInvoker.invokeTestMethod(TestInvoker.java:173)
at org.testng.internal.MethodRunner.runInSequence(MethodRunner.java:46)
at org.testng.internal.TestInvoker$MethodInvocationAgent.invoke(TestInvoker.java:824)
at org.testng.internal.TestInvoker.invokeTestMethods(TestInvoker.java:146)
at org.testng.internal.TestMethodWorker.invokeTestMethods(TestMethodWorker.java:146)
at org.testng.internal.TestMethodWorker.run(TestMethodWorker.java:128)
at java.base/java.util.ArrayList.forEach(ArrayList.java:1541)
at org.testng.TestRunner.privateRun(TestRunner.java:794)
at org.testng.TestRunner.run(TestRunner.java:596)
at org.testng.SuiteRunner.runTest(SuiteRunner.java:377)
at org.testng.SuiteRunner.runSequentially(SuiteRunner.java:371)
at org.testng.SuiteRunner.privateRun(SuiteRunner.java:332)
at org.testng.SuiteRunner.run(SuiteRunner.java:276)
at org.testng.SuiteRunnerWorker.runSuite(SuiteRunnerWorker.java:53)
at org.testng.SuiteRunnerWorker.run(SuiteRunnerWorker.java:96)
at org.testng.TestNG.runSuitesSequentially(TestNG.java:1212)
at org.testng.TestNG.runSuitesLocally(TestNG.java:1134)
at org.testng.TestNG.runSuites(TestNG.java:1063)
at org.testng.TestNG.run(TestNG.java:1031)
at org.testng.remote.AbstractRemoteTestNG.run(AbstractRemoteTestNG.java:115)
at org.testng.remote.RemoteTestNG.initAndRun(RemoteTestNG.java:251)
at org.testng.remote.RemoteTestNG.main(RemoteTestNG.java:77)
]]>
    </failure>
  </testcase> <!-- @AfterMethod tearDown -->
  <testcase classname="rough.BaseTest" name="@AfterMethod tearDown" time="-1.650891424413E9">
    <skipped/>
  </testcase> <!-- @AfterMethod tearDown -->
  <testcase classname="rough.BaseTest" name="@AfterMethod tearDown" time="-1.650891424435E9">
    <skipped/>
  </testcase> <!-- @AfterMethod tearDown -->
  <testcase classname="rough.BaseTest" name="@AfterMethod tearDown" time="-1.650891424459E9">
    <skipped/>
  </testcase> <!-- @AfterMethod tearDown -->
  <testcase classname="testCases.LoginAsNewSubscriber" name="existSubscriberAddNewLine" time="0.055">
    <skipped/>
  </testcase> <!-- existSubscriberAddNewLine -->
  <testcase classname="testCases.LoginAsNewSubscriber" name="loginAsExistSubscriber" time="0.0">
    <skipped/>
  </testcase> <!-- loginAsExistSubscriber -->
  <testcase classname="testCases.LoginAsNewSubscriber" name="loginAsNewSubscriberCrediCard" time="0.0">
    <skipped/>
  </testcase> <!-- loginAsNewSubscriberCrediCard -->
  <testcase classname="testCases.LoginAsNewSubscriber" name="loginAsNewSubscriberPayPal" time="0.0">
    <skipped/>
  </testcase> <!-- loginAsNewSubscriberPayPal -->
</testsuite> <!-- Default test -->
