<?xml version="1.0" encoding="UTF-8"?>
<!-- Generated by org.testng.reporters.JUnitXMLReporter -->
<testsuite ignored="0" hostname="devit-ThinkPad-E15-Gen-2" failures="0" tests="4" name="LoginAsNewSubscriber" time="180.184" errors="0" timestamp="2022-04-25T17:11:01 IDT">
  <testcase classname="testCases.LoginAsNewSubscriber" name="existSubscriberAddNewLine" time="0.04">
    <skipped/>
  </testcase> <!-- existSubscriberAddNewLine -->
  <testcase classname="testCases.LoginAsNewSubscriber" name="loginAsExistSubscriber" time="0.028">
    <skipped/>
  </testcase> <!-- loginAsExistSubscriber -->
  <testcase classname="testCases.LoginAsNewSubscriber" name="loginAsNewSubscriberCrediCard" time="179.624"/>
  <testcase classname="testCases.LoginAsNewSubscriber" name="loginAsNewSubscriberPayPal" time="0.085">
    <skipped/>
  </testcase> <!-- loginAsNewSubscriberPayPal -->
</testsuite> <!-- LoginAsNewSubscriber -->
