<?xml version="1.0" encoding="UTF-8"?>
<!-- Generated by org.testng.reporters.JUnitXMLReporter -->
<testsuite ignored="0" hostname="devit-ThinkPad-E15-Gen-2" failures="0" tests="2" name="LoginAsExistSubscriber" time="12.927" errors="0" timestamp="2021-12-19T11:15:19 IST">
  <testcase classname="testCases.LoginAsExistSubscriber" name="loginAsNewSubscriber" time="6.551"/>
  <testcase classname="testCases.LoginAsExistSubscriber" name="loginAsNewSubscriber" time="6.208"/>
</testsuite> <!-- LoginAsExistSubscriber -->
